/// CS224n Word Alignment Tester ///
Language: hindi
Data path: /afs/ir/class/cs224n/data/pa1//hindi
Evaluation set: test
Using up to 10000 training sentences.
Training set size: 3441
Evaluation set size: 90
Model: cs224n.wordaligner.IBMModel1
Running EM-Algorithm for IBM Model 1
EM 0 score: 5.608143144801231E-5
EM 1 score: 1.3230822207331057E-4
EM 2 score: 1.2548146038753288E-4
EM 3 score: 7.521074873118096E-5
EM 4 score: 3.776492142671533E-5
EM 5 score: 1.961371926500094E-5
EM 6 score: 1.0933035661063468E-5
EM 7 score: 6.487458162597467E-6
EM 8 score: 4.049699192003032E-6
EM 9 score: 2.6320784207688377E-6
EM 10 score: 1.7751681196186977E-6
EM 11 score: 1.2375499183723468E-6
EM 12 score: 8.880221334188907E-7
EM 13 score: 6.537201278638339E-7
EM 14 score: 4.921608606639106E-7
EM 15 score: 3.789157036629912E-7
EM 16 score: 2.9718873993870225E-7
EM 17 score: 2.3614455858148112E-7
EM 18 score: 1.9007790536728523E-7
EM 19 score: 1.5490553216852202E-7
EM 20 score: 1.2762148877123835E-7
EM 21 score: 1.0614995899701759E-7
EM 22 score: 8.904768185757477E-8
EM 23 score: 7.528892413467588E-8
EM 24 score: 6.412527107798114E-8
EM 25 score: 5.499660112478767E-8
EM 26 score: 4.7474170212900315E-8
EM 27 score: 4.122457476506372E-8
EM 28 score: 3.598767888496999E-8
EM 29 score: 3.156252213672458E-8
EM 30 score: 2.7795869713524042E-8
EM 31 score: 2.4570963842884683E-8
EM 32 score: 2.179727409503362E-8
EM 33 score: 1.9402669354426308E-8
EM 34 score: 1.73282149779826E-8
EM 35 score: 1.5524937180003814E-8
EM 36 score: 1.395183116772038E-8
EM 37 score: 1.2574563909833928E-8
EM 38 score: 1.136448850768513E-8
EM 39 score: 1.0297759621110156E-8
EM 40 score: 9.35449679466987E-9
NULL ALIGN!
NULL ALIGN!
NULL ALIGN!
NULL ALIGN!
NULL ALIGN!
NULL ALIGN!
NULL ALIGN!
NULL ALIGN!
NULL ALIGN!
NULL ALIGN!
NULL ALIGN!
NULL ALIGN!
NULL ALIGN!
NULL ALIGN!
NULL ALIGN!
NULL ALIGN!
NULL ALIGN!
NULL ALIGN!
NULL ALIGN!
NULL ALIGN!
NULL ALIGN!
NULL ALIGN!
NULL ALIGN!
NULL ALIGN!
NULL ALIGN!
NULL ALIGN!
NULL ALIGN!
NULL ALIGN!
NULL ALIGN!
NULL ALIGN!
NULL ALIGN!
NULL ALIGN!
NULL ALIGN!
NULL ALIGN!
NULL ALIGN!
NULL ALIGN!
NULL ALIGN!
NULL ALIGN!
NULL ALIGN!
NULL ALIGN!
NULL ALIGN!
NULL ALIGN!

### Evaluation Results ###
Precision:	0.4921
Recall:	0.3769
AER:	0.5732
