/// CS224n Word Alignment Tester ///
Language: hindi
Data path: /afs/ir/class/cs224n/data/pa1//hindi
Evaluation set: test
Using up to 10000 training sentences.
Training set size: 3441
Evaluation set size: 90
Model: cs224n.wordaligner.IBMModel2
Running EM-Algorithm for IBM Model 1
EM 0 score: 5.608143144801231E-5
EM 1 score: 1.3230822207331057E-4
EM 2 score: 1.2548146038753288E-4
EM 3 score: 7.521074873118096E-5
EM 4 score: 3.776492142671533E-5
EM 5 score: 1.961371926500094E-5
EM 6 score: 1.0933035661063468E-5
EM 7 score: 6.487458162597467E-6
EM 8 score: 4.049699192003032E-6
EM 9 score: 2.6320784207688377E-6
EM 10 score: 1.7751681196186977E-6
EM 11 score: 1.2375499183723468E-6
EM 12 score: 8.880221334188907E-7
EM 13 score: 6.537201278638339E-7
EM 14 score: 4.921608606639106E-7
EM 15 score: 3.789157036629912E-7
EM 16 score: 2.9718873993870225E-7
EM 17 score: 2.3614455858148112E-7
EM 18 score: 1.9007790536728523E-7
EM 19 score: 1.5490553216852202E-7
EM 20 score: 1.2762148877123835E-7
EM 21 score: 1.0614995899701759E-7
EM 22 score: 8.904768185757477E-8
EM 23 score: 7.528892413467588E-8
EM 24 score: 6.412527107798114E-8
EM 25 score: 5.499660112478767E-8
EM 26 score: 4.7474170212900315E-8
EM 27 score: 4.122457476506372E-8
EM 28 score: 3.598767888496999E-8
EM 29 score: 3.156252213672458E-8
EM 30 score: 2.7795869713524042E-8
EM 31 score: 2.4570963842884683E-8
EM 32 score: 2.179727409503362E-8
EM 33 score: 1.9402669354426308E-8
EM 34 score: 1.73282149779826E-8
EM 35 score: 1.5524937180003814E-8
EM 36 score: 1.395183116772038E-8
EM 37 score: 1.2574563909833928E-8
EM 38 score: 1.136448850768513E-8
EM 39 score: 1.0297759621110156E-8
EM 40 score: 9.35449679466987E-9
Running EM-Algorithm for IBM Model 2
EM 0 score: 0.004258573219490939
EM 1 score: 4.134924370701111E-4
EM 2 score: 2.5641935775797654E-4
EM 3 score: 1.6583724671136922E-4
EM 4 score: 1.0428146695259329E-4
EM 5 score: 6.528223888880754E-5
EM 6 score: 4.186450680878875E-5
EM 7 score: 2.865034461488614E-5
EM 8 score: 2.0406162273010276E-5
EM 9 score: 1.4968037895484771E-5
EM 10 score: 1.261744232960501E-5
EM 11 score: 7.74799857400138E-6
EM 12 score: 6.085240713967553E-6
EM 13 score: 5.482188150565402E-6
EM 14 score: 4.046072604060469E-6
EM 15 score: 3.2689920816879135E-6
EM 16 score: 2.8320025900578664E-6
EM 17 score: 3.0969544780994866E-6
EM 18 score: 3.1496424899970236E-6
EM 19 score: 2.5997752893793146E-6
EM 20 score: 2.4319149236363153E-6
EM 21 score: 2.4976431366663246E-6
EM 22 score: 2.254169763896994E-6
EM 23 score: 1.891890542448146E-6
EM 24 score: 1.5938940230407623E-6
EM 25 score: 1.542845659319146E-6
EM 26 score: 1.6903304288730978E-6
EM 27 score: 1.7996792057293675E-6
EM 28 score: 1.453292492115216E-6
EM 29 score: 1.3130587616317947E-6
EM 30 score: 1.0619861661215265E-6
EM 31 score: 8.111582930110692E-7
EM 32 score: 9.383546873408499E-7
EM 33 score: 1.0954741979291928E-6
EM 34 score: 1.063063130193588E-6
EM 35 score: 9.338459512879628E-7
EM 36 score: 8.752288317719621E-7
EM 37 score: 8.00597504032851E-7
EM 38 score: 7.64744285193714E-7
EM 39 score: 6.694913809066599E-7
EM 40 score: 6.57950546716667E-7
EM 41 score: 6.707913839535738E-7
EM 42 score: 6.617420397566874E-7
EM 43 score: 6.114277199824977E-7
EM 44 score: 6.107139409102669E-7
EM 45 score: 6.310534414456904E-7
EM 46 score: 6.279082296530349E-7
EM 47 score: 6.234716162290122E-7
EM 48 score: 6.161058316408468E-7
EM 49 score: 5.98005486114881E-7
EM 50 score: 5.43767248269316E-7
EM 51 score: 4.844433678398452E-7
EM 52 score: 4.5415083734406144E-7
EM 53 score: 4.969389536980238E-7
EM 54 score: 4.6317969257952813E-7
EM 55 score: 4.0028783016864025E-7
EM 56 score: 3.520951625781003E-7
EM 57 score: 3.3283603941429735E-7
EM 58 score: 3.0286350644645636E-7
EM 59 score: 3.192442946041247E-7
EM 60 score: 3.463999141519535E-7
EM 61 score: 3.225652027330138E-7
EM 62 score: 2.7206213120344235E-7
EM 63 score: 2.3611346470957864E-7
EM 64 score: 2.4939329486434516E-7
EM 65 score: 2.2262700843941028E-7
EM 66 score: 2.072527842544659E-7
EM 67 score: 2.5906508218511704E-7
EM 68 score: 3.021765953175035E-7
EM 69 score: 2.875680125841503E-7
EM 70 score: 3.0464949184189053E-7
EM 71 score: 8.192045906746507E-7
EM 72 score: 4.0395908998518085E-7
EM 73 score: 2.1755788316119306E-7
EM 74 score: 2.3813305758003358E-7
EM 75 score: 2.7940726260206806E-7
EM 76 score: 3.3005922291141234E-7
EM 77 score: 3.4342901459763195E-7
EM 78 score: 2.841499951683393E-7
EM 79 score: 2.758716639846097E-7
EM 80 score: 3.16458044900077E-7
EM 81 score: 2.825741330324599E-7
EM 82 score: 2.1723019490078074E-7
EM 83 score: 2.0388779372901658E-7
EM 84 score: 2.090614986406965E-7
EM 85 score: 2.1730303754474311E-7
EM 86 score: 2.069745979412937E-7
EM 87 score: 2.165936264766451E-7
EM 88 score: 2.5136892608282974E-7
EM 89 score: 2.2913178790271812E-7
EM 90 score: 1.706363597993697E-7
EM 91 score: 1.7928264853678206E-7
EM 92 score: 2.3207118042415639E-7
EM 93 score: 2.3086040945605338E-7
EM 94 score: 2.12954491684891E-7
EM 95 score: 2.1389720608596781E-7
EM 96 score: 1.9878571932960766E-7
EM 97 score: 1.4247571561928208E-7
EM 98 score: 1.062070606509358E-7
EM 99 score: 3.3874304006379814E-7
NULL ASSIGN!
NULL ASSIGN!
NULL ASSIGN!
NULL ASSIGN!
NULL ASSIGN!
NULL ASSIGN!
NULL ASSIGN!
NULL ASSIGN!
NULL ASSIGN!
NULL ASSIGN!
NULL ASSIGN!
NULL ASSIGN!
NULL ASSIGN!
NULL ASSIGN!
NULL ASSIGN!
NULL ASSIGN!
NULL ASSIGN!
NULL ASSIGN!
NULL ASSIGN!
NULL ASSIGN!
NULL ASSIGN!
NULL ASSIGN!
NULL ASSIGN!
NULL ASSIGN!
NULL ASSIGN!
NULL ASSIGN!
NULL ASSIGN!
NULL ASSIGN!
NULL ASSIGN!
NULL ASSIGN!
NULL ASSIGN!
NULL ASSIGN!
NULL ASSIGN!
NULL ASSIGN!
NULL ASSIGN!
NULL ASSIGN!
NULL ASSIGN!

### Evaluation Results ###
Precision:	0.4723
Recall:	0.3634
AER:	0.5892
