/// CS224n Word Alignment Tester ///
Language: french
Data path: /afs/ir/class/cs224n/data/pa1//french
Evaluation set: test
Using up to 10000 training sentences.
Training set size: 10000
Evaluation set size: 447
Model: cs224n.wordaligner.IBMModel1
Running EM-Algorithm for IBM Model 1
EM 0 score: 4.542224079519804E-5
EM 1 score: 1.4547692205118016E-4
EM 2 score: 1.4347360228038835E-4
EM 3 score: 6.779389646281177E-5
EM 4 score: 2.653041543811666E-5
EM 5 score: 1.1733611137902579E-5
EM 6 score: 5.974416716290248E-6
EM 7 score: 3.3866888266589667E-6
EM 8 score: 2.0699429104998065E-6
EM 9 score: 1.3381748637506039E-6
EM 10 score: 9.064015308436656E-7
EM 11 score: 6.388264745537176E-7
EM 12 score: 4.6738895348138017E-7
EM 13 score: 3.5199933204747555E-7
EM 14 score: 2.697952627136633E-7
EM 15 score: 2.1006268245640573E-7
EM 16 score: 1.6616704308931762E-7
EM 17 score: 1.3325891823544198E-7
EM 18 score: 1.0819928994990434E-7
EM 19 score: 8.871523740978792E-8
EM 20 score: 7.33726898047802E-8
EM 21 score: 6.144834391350057E-8
EM 22 score: 5.2382493857597804E-8
EM 23 score: 4.5174608622834344E-8
EM 24 score: 3.8864758513231715E-8
EM 25 score: 3.341308888414024E-8
EM 26 score: 2.8872151453086212E-8
EM 27 score: 2.5139114577376357E-8
EM 28 score: 2.2111832716564534E-8
EM 29 score: 1.9658516855701078E-8
EM 30 score: 1.7577748609175256E-8
EM 31 score: 1.575824574430433E-8
EM 32 score: 1.4167559981100535E-8
EM 33 score: 1.267014529742807E-8
EM 34 score: 1.121705247448049E-8
EM 35 score: 9.908996700557275E-9
NULL ALIGN!
NULL ALIGN!
NULL ALIGN!
NULL ALIGN!
NULL ALIGN!
NULL ALIGN!
NULL ALIGN!
NULL ALIGN!
NULL ALIGN!
NULL ALIGN!
NULL ALIGN!
NULL ALIGN!
NULL ALIGN!
NULL ALIGN!
NULL ALIGN!
NULL ALIGN!
NULL ALIGN!
NULL ALIGN!
NULL ALIGN!
NULL ALIGN!
NULL ALIGN!
NULL ALIGN!
NULL ALIGN!
NULL ALIGN!
NULL ALIGN!
NULL ALIGN!
NULL ALIGN!
NULL ALIGN!
NULL ALIGN!
NULL ALIGN!
NULL ALIGN!
NULL ALIGN!
NULL ALIGN!
NULL ALIGN!
NULL ALIGN!
NULL ALIGN!
NULL ALIGN!
NULL ALIGN!
NULL ALIGN!
NULL ALIGN!
NULL ALIGN!
NULL ALIGN!
NULL ALIGN!
NULL ALIGN!
NULL ALIGN!

### Evaluation Results ###
Precision:	0.5991
Recall:	0.7432
AER:	0.3480
