/// CS224n Word Alignment Tester ///
Language: french
Data path: /afs/ir/class/cs224n/data/pa1//french
Evaluation set: test
Using up to 10000 training sentences.
Training set size: 10000
Evaluation set size: 447
Model: cs224n.wordaligner.IBMModel2
Running EM-Algorithm for IBM Model 1
EM 0 score: 4.542224079519804E-5
EM 1 score: 1.4547692205118016E-4
EM 2 score: 1.4347360228038835E-4
EM 3 score: 6.779389646281177E-5
EM 4 score: 2.653041543811666E-5
EM 5 score: 1.1733611137902579E-5
EM 6 score: 5.974416716290248E-6
EM 7 score: 3.3866888266589667E-6
EM 8 score: 2.0699429104998065E-6
EM 9 score: 1.3381748637506039E-6
EM 10 score: 9.064015308436656E-7
EM 11 score: 6.388264745537176E-7
EM 12 score: 4.6738895348138017E-7
EM 13 score: 3.5199933204747555E-7
EM 14 score: 2.697952627136633E-7
EM 15 score: 2.1006268245640573E-7
EM 16 score: 1.6616704308931762E-7
EM 17 score: 1.3325891823544198E-7
EM 18 score: 1.0819928994990434E-7
EM 19 score: 8.871523740978792E-8
EM 20 score: 7.33726898047802E-8
EM 21 score: 6.144834391350057E-8
EM 22 score: 5.2382493857597804E-8
EM 23 score: 4.5174608622834344E-8
EM 24 score: 3.8864758513231715E-8
EM 25 score: 3.341308888414024E-8
EM 26 score: 2.8872151453086212E-8
EM 27 score: 2.5139114577376357E-8
EM 28 score: 2.2111832716564534E-8
EM 29 score: 1.9658516855701078E-8
EM 30 score: 1.7577748609175256E-8
EM 31 score: 1.575824574430433E-8
EM 32 score: 1.4167559981100535E-8
EM 33 score: 1.267014529742807E-8
EM 34 score: 1.121705247448049E-8
EM 35 score: 9.908996700557275E-9
Running EM-Algorithm for IBM Model 2
EM 0 score: 0.0032867371763214835
EM 1 score: 3.2948667534099594E-4
EM 2 score: 1.4317247901438616E-4
EM 3 score: 7.646719339895404E-5
EM 4 score: 4.3808367486463173E-5
EM 5 score: 2.630564069539659E-5
EM 6 score: 1.663783949129521E-5
EM 7 score: 1.0413394052713165E-5
EM 8 score: 7.198373411353607E-6
EM 9 score: 5.435427765180919E-6
EM 10 score: 4.337800108231537E-6
EM 11 score: 3.4752425193944395E-6
EM 12 score: 2.9436392467282166E-6
EM 13 score: 2.5697801401923306E-6
EM 14 score: 2.242280934962093E-6
EM 15 score: 1.853997826704486E-6
EM 16 score: 1.8079364204053451E-6
EM 17 score: 1.5244936533479392E-6
EM 18 score: 1.5518253709080858E-6
EM 19 score: 1.4197531846496704E-6
EM 20 score: 1.2040783966707764E-6
EM 21 score: 1.1915874886055363E-6
EM 22 score: 1.2936784936673326E-6
EM 23 score: 1.0535407393382184E-6
EM 24 score: 8.425688494701075E-7
EM 25 score: 9.380591148023686E-7
EM 26 score: 8.599959129336074E-7
EM 27 score: 8.34087417728057E-7
EM 28 score: 8.576118783114767E-7
EM 29 score: 7.901334876201299E-7
EM 30 score: 7.351820433469353E-7
EM 31 score: 8.078771680167949E-7
EM 32 score: 7.132470624005581E-7
EM 33 score: 5.352559893344811E-7
EM 34 score: 5.255950351612004E-7
EM 35 score: 5.597526966678464E-7
EM 36 score: 5.60688218444788E-7
EM 37 score: 5.362867049856957E-7
EM 38 score: 6.087827975546102E-7
EM 39 score: 6.518821589669886E-7
EM 40 score: 5.620255554965377E-7
EM 41 score: 5.800404763790117E-7
EM 42 score: 5.346067556696661E-7
EM 43 score: 3.5260888558042674E-7
EM 44 score: 3.180174757165294E-7
EM 45 score: 3.7577870727665675E-7
EM 46 score: 3.732980718159127E-7
EM 47 score: 3.5152164305667073E-7
EM 48 score: 3.5745652506995525E-7
EM 49 score: 3.523081629733799E-7
EM 50 score: 3.25909379471636E-7
EM 51 score: 3.1468465134887884E-7
EM 52 score: 4.2621238813766465E-7
EM 53 score: 3.0287268497681815E-7
EM 54 score: 3.299856082936465E-7
EM 55 score: 3.2695655538917835E-7
EM 56 score: 7.148751520083734E-7
EM 57 score: 4.941416839070225E-7
EM 58 score: 2.274923856374009E-7
EM 59 score: 2.5444307390161165E-7
EM 60 score: 4.4561891086364936E-7
EM 61 score: 3.271934993177524E-7
EM 62 score: 1.9072649749260714E-7
EM 63 score: 1.586162975665332E-7
EM 64 score: 1.553974809073148E-7
EM 65 score: 1.5857920237398548E-7
EM 66 score: 1.6286471963792998E-7
EM 67 score: 1.9921185722999804E-7
EM 68 score: 2.209623410761875E-7
EM 69 score: 1.86187391779638E-7
EM 70 score: 1.5426638735492908E-7
EM 71 score: 1.5563934638652257E-7
EM 72 score: 1.5466478804821369E-7
EM 73 score: 1.4630891685708496E-7
EM 74 score: 1.263712845027346E-7
EM 75 score: 1.154871590835521E-7
EM 76 score: 1.235780529345021E-7
EM 77 score: 1.4421902313614573E-7
EM 78 score: 1.5310144946413179E-7
EM 79 score: 1.5992830403344424E-7
EM 80 score: 1.5125358462394455E-7
EM 81 score: 1.3741251307477543E-7
EM 82 score: 1.2672456454410826E-7
EM 83 score: 1.1344163137309366E-7
EM 84 score: 1.2020848110879634E-7
EM 85 score: 1.1113679260970648E-7
EM 86 score: 9.959784554329634E-8
NULL ASSIGN!
NULL ASSIGN!
NULL ASSIGN!
NULL ASSIGN!
NULL ASSIGN!
NULL ASSIGN!
NULL ASSIGN!
NULL ASSIGN!
NULL ASSIGN!
NULL ASSIGN!
NULL ASSIGN!
NULL ASSIGN!
NULL ASSIGN!
NULL ASSIGN!
NULL ASSIGN!
NULL ASSIGN!
NULL ASSIGN!
NULL ASSIGN!
NULL ASSIGN!
NULL ASSIGN!
NULL ASSIGN!
NULL ASSIGN!
NULL ASSIGN!
NULL ASSIGN!
NULL ASSIGN!
NULL ASSIGN!
NULL ASSIGN!
NULL ASSIGN!
NULL ASSIGN!
NULL ASSIGN!
NULL ASSIGN!
NULL ASSIGN!
NULL ASSIGN!
NULL ASSIGN!
NULL ASSIGN!
NULL ASSIGN!
NULL ASSIGN!
NULL ASSIGN!
NULL ASSIGN!
NULL ASSIGN!
NULL ASSIGN!
NULL ASSIGN!
NULL ASSIGN!
NULL ASSIGN!
NULL ASSIGN!
NULL ASSIGN!
NULL ASSIGN!
NULL ASSIGN!
NULL ASSIGN!

### Evaluation Results ###
Precision:	0.6584
Recall:	0.7789
AER:	0.2974
